<?xml version="1.0" encoding="UTF-8"?>
<testsuite xmlns:xsi="http://www.w3.org/2001/XMLSchema-instance" xsi:noNamespaceSchemaLocation="https://maven.apache.org/surefire/maven-surefire-plugin/xsd/surefire-test-report-3.0.xsd" version="3.0" name="runner.TestRunner" time="16.881" tests="9" errors="0" skipped="0" failures="0">
  <properties>
    <property name="java.specification.version" value="24"/>
    <property name="sun.cpu.isalist" value="amd64"/>
    <property name="sun.jnu.encoding" value="Cp1252"/>
    <property name="java.class.path" value="C:\Developer\dog-api-automation\target\test-classes;C:\Developer\dog-api-automation\target\classes;C:\Users\Fredi Roldan\.m2\repository\io\rest-assured\rest-assured\5.3.0\rest-assured-5.3.0.jar;C:\Users\Fredi Roldan\.m2\repository\org\apache\groovy\groovy\4.0.6\groovy-4.0.6.jar;C:\Users\Fredi Roldan\.m2\repository\org\apache\groovy\groovy-xml\4.0.6\groovy-xml-4.0.6.jar;C:\Users\Fredi Roldan\.m2\repository\org\apache\httpcomponents\httpclient\4.5.13\httpclient-4.5.13.jar;C:\Users\Fredi Roldan\.m2\repository\org\apache\httpcomponents\httpcore\4.4.13\httpcore-4.4.13.jar;C:\Users\Fredi Roldan\.m2\repository\commons-logging\commons-logging\1.2\commons-logging-1.2.jar;C:\Users\Fredi Roldan\.m2\repository\commons-codec\commons-codec\1.11\commons-codec-1.11.jar;C:\Users\Fredi Roldan\.m2\repository\org\apache\httpcomponents\httpmime\4.5.13\httpmime-4.5.13.jar;C:\Users\Fredi Roldan\.m2\repository\org\hamcrest\hamcrest\2.1\hamcrest-2.1.jar;C:\Users\Fredi Roldan\.m2\repository\org\ccil\cowan\tagsoup\tagsoup\1.2.1\tagsoup-1.2.1.jar;C:\Users\Fredi Roldan\.m2\repository\io\rest-assured\json-path\5.3.0\json-path-5.3.0.jar;C:\Users\Fredi Roldan\.m2\repository\org\apache\groovy\groovy-json\4.0.6\groovy-json-4.0.6.jar;C:\Users\Fredi Roldan\.m2\repository\io\rest-assured\rest-assured-common\5.3.0\rest-assured-common-5.3.0.jar;C:\Users\Fredi Roldan\.m2\repository\io\rest-assured\xml-path\5.3.0\xml-path-5.3.0.jar;C:\Users\Fredi Roldan\.m2\repository\org\apache\commons\commons-lang3\3.11\commons-lang3-3.11.jar;C:\Users\Fredi Roldan\.m2\repository\io\cucumber\cucumber-java\7.14.0\cucumber-java-7.14.0.jar;C:\Users\Fredi Roldan\.m2\repository\io\cucumber\cucumber-core\7.14.0\cucumber-core-7.14.0.jar;C:\Users\Fredi Roldan\.m2\repository\io\cucumber\cucumber-gherkin\7.14.0\cucumber-gherkin-7.14.0.jar;C:\Users\Fredi Roldan\.m2\repository\io\cucumber\cucumber-gherkin-messages\7.14.0\cucumber-gherkin-messages-7.14.0.jar;C:\Users\Fredi Roldan\.m2\repository\io\cucumber\gherkin\26.2.0\gherkin-26.2.0.jar;C:\Users\Fredi Roldan\.m2\repository\io\cucumber\messages\22.0.0\messages-22.0.0.jar;C:\Users\Fredi Roldan\.m2\repository\io\cucumber\tag-expressions\5.0.6\tag-expressions-5.0.6.jar;C:\Users\Fredi Roldan\.m2\repository\io\cucumber\cucumber-expressions\16.1.2\cucumber-expressions-16.1.2.jar;C:\Users\Fredi Roldan\.m2\repository\io\cucumber\datatable\7.14.0\datatable-7.14.0.jar;C:\Users\Fredi Roldan\.m2\repository\io\cucumber\cucumber-plugin\7.14.0\cucumber-plugin-7.14.0.jar;C:\Users\Fredi Roldan\.m2\repository\io\cucumber\docstring\7.14.0\docstring-7.14.0.jar;C:\Users\Fredi Roldan\.m2\repository\io\cucumber\html-formatter\20.4.0\html-formatter-20.4.0.jar;C:\Users\Fredi Roldan\.m2\repository\io\cucumber\junit-xml-formatter\0.2.0\junit-xml-formatter-0.2.0.jar;C:\Users\Fredi Roldan\.m2\repository\io\cucumber\ci-environment\9.2.0\ci-environment-9.2.0.jar;C:\Users\Fredi Roldan\.m2\repository\org\apiguardian\apiguardian-api\1.1.2\apiguardian-api-1.1.2.jar;C:\Users\Fredi Roldan\.m2\repository\io\cucumber\cucumber-junit-platform-engine\7.14.0\cucumber-junit-platform-engine-7.14.0.jar;C:\Users\Fredi Roldan\.m2\repository\org\junit\platform\junit-platform-engine\1.10.0\junit-platform-engine-1.10.0.jar;C:\Users\Fredi Roldan\.m2\repository\org\opentest4j\opentest4j\1.3.0\opentest4j-1.3.0.jar;C:\Users\Fredi Roldan\.m2\repository\org\junit\platform\junit-platform-commons\1.10.0\junit-platform-commons-1.10.0.jar;C:\Users\Fredi Roldan\.m2\repository\org\junit\platform\junit-platform-suite\1.9.3\junit-platform-suite-1.9.3.jar;C:\Users\Fredi Roldan\.m2\repository\org\junit\platform\junit-platform-suite-api\1.9.3\junit-platform-suite-api-1.9.3.jar;C:\Users\Fredi Roldan\.m2\repository\org\junit\platform\junit-platform-suite-engine\1.9.3\junit-platform-suite-engine-1.9.3.jar;C:\Users\Fredi Roldan\.m2\repository\org\junit\platform\junit-platform-suite-commons\1.9.3\junit-platform-suite-commons-1.9.3.jar;C:\Users\Fredi Roldan\.m2\repository\org\junit\platform\junit-platform-launcher\1.9.3\junit-platform-launcher-1.9.3.jar;C:\Users\Fredi Roldan\.m2\repository\org\apache\logging\log4j\log4j-core\2.20.0\log4j-core-2.20.0.jar;C:\Users\Fredi Roldan\.m2\repository\org\apache\logging\log4j\log4j-api\2.20.0\log4j-api-2.20.0.jar;C:\Users\Fredi Roldan\.m2\repository\org\apache\logging\log4j\log4j-slf4j2-impl\2.20.0\log4j-slf4j2-impl-2.20.0.jar;C:\Users\Fredi Roldan\.m2\repository\org\slf4j\slf4j-api\2.0.6\slf4j-api-2.0.6.jar;"/>
    <property name="java.vm.vendor" value="Oracle Corporation"/>
    <property name="sun.arch.data.model" value="64"/>
    <property name="user.variant" value=""/>
    <property name="java.vendor.url" value="https://java.oracle.com/"/>
    <property name="user.timezone" value="America/Sao_Paulo"/>
    <property name="os.name" value="Windows 11"/>
    <property name="java.vm.specification.version" value="24"/>
    <property name="sun.java.launcher" value="SUN_STANDARD"/>
    <property name="user.country" value="BR"/>
    <property name="sun.boot.library.path" value="C:\Users\Fredi Roldan\.jdks\openjdk-24.0.1\bin"/>
    <property name="sun.java.command" value="C:\Users\Fredi Roldan\AppData\Local\Temp\surefire7676038422528061253\surefirebooter-20250518174807897_3.jar C:\Users\Fredi Roldan\AppData\Local\Temp\surefire7676038422528061253 2025-05-18T17-48-06_942-jvmRun1 surefire-20250518174807897_1tmp surefire_0-20250518174807897_2tmp"/>
    <property name="jdk.debug" value="release"/>
    <property name="surefire.test.class.path" value="C:\Developer\dog-api-automation\target\test-classes;C:\Developer\dog-api-automation\target\classes;C:\Users\Fredi Roldan\.m2\repository\io\rest-assured\rest-assured\5.3.0\rest-assured-5.3.0.jar;C:\Users\Fredi Roldan\.m2\repository\org\apache\groovy\groovy\4.0.6\groovy-4.0.6.jar;C:\Users\Fredi Roldan\.m2\repository\org\apache\groovy\groovy-xml\4.0.6\groovy-xml-4.0.6.jar;C:\Users\Fredi Roldan\.m2\repository\org\apache\httpcomponents\httpclient\4.5.13\httpclient-4.5.13.jar;C:\Users\Fredi Roldan\.m2\repository\org\apache\httpcomponents\httpcore\4.4.13\httpcore-4.4.13.jar;C:\Users\Fredi Roldan\.m2\repository\commons-logging\commons-logging\1.2\commons-logging-1.2.jar;C:\Users\Fredi Roldan\.m2\repository\commons-codec\commons-codec\1.11\commons-codec-1.11.jar;C:\Users\Fredi Roldan\.m2\repository\org\apache\httpcomponents\httpmime\4.5.13\httpmime-4.5.13.jar;C:\Users\Fredi Roldan\.m2\repository\org\hamcrest\hamcrest\2.1\hamcrest-2.1.jar;C:\Users\Fredi Roldan\.m2\repository\org\ccil\cowan\tagsoup\tagsoup\1.2.1\tagsoup-1.2.1.jar;C:\Users\Fredi Roldan\.m2\repository\io\rest-assured\json-path\5.3.0\json-path-5.3.0.jar;C:\Users\Fredi Roldan\.m2\repository\org\apache\groovy\groovy-json\4.0.6\groovy-json-4.0.6.jar;C:\Users\Fredi Roldan\.m2\repository\io\rest-assured\rest-assured-common\5.3.0\rest-assured-common-5.3.0.jar;C:\Users\Fredi Roldan\.m2\repository\io\rest-assured\xml-path\5.3.0\xml-path-5.3.0.jar;C:\Users\Fredi Roldan\.m2\repository\org\apache\commons\commons-lang3\3.11\commons-lang3-3.11.jar;C:\Users\Fredi Roldan\.m2\repository\io\cucumber\cucumber-java\7.14.0\cucumber-java-7.14.0.jar;C:\Users\Fredi Roldan\.m2\repository\io\cucumber\cucumber-core\7.14.0\cucumber-core-7.14.0.jar;C:\Users\Fredi Roldan\.m2\repository\io\cucumber\cucumber-gherkin\7.14.0\cucumber-gherkin-7.14.0.jar;C:\Users\Fredi Roldan\.m2\repository\io\cucumber\cucumber-gherkin-messages\7.14.0\cucumber-gherkin-messages-7.14.0.jar;C:\Users\Fredi Roldan\.m2\repository\io\cucumber\gherkin\26.2.0\gherkin-26.2.0.jar;C:\Users\Fredi Roldan\.m2\repository\io\cucumber\messages\22.0.0\messages-22.0.0.jar;C:\Users\Fredi Roldan\.m2\repository\io\cucumber\tag-expressions\5.0.6\tag-expressions-5.0.6.jar;C:\Users\Fredi Roldan\.m2\repository\io\cucumber\cucumber-expressions\16.1.2\cucumber-expressions-16.1.2.jar;C:\Users\Fredi Roldan\.m2\repository\io\cucumber\datatable\7.14.0\datatable-7.14.0.jar;C:\Users\Fredi Roldan\.m2\repository\io\cucumber\cucumber-plugin\7.14.0\cucumber-plugin-7.14.0.jar;C:\Users\Fredi Roldan\.m2\repository\io\cucumber\docstring\7.14.0\docstring-7.14.0.jar;C:\Users\Fredi Roldan\.m2\repository\io\cucumber\html-formatter\20.4.0\html-formatter-20.4.0.jar;C:\Users\Fredi Roldan\.m2\repository\io\cucumber\junit-xml-formatter\0.2.0\junit-xml-formatter-0.2.0.jar;C:\Users\Fredi Roldan\.m2\repository\io\cucumber\ci-environment\9.2.0\ci-environment-9.2.0.jar;C:\Users\Fredi Roldan\.m2\repository\org\apiguardian\apiguardian-api\1.1.2\apiguardian-api-1.1.2.jar;C:\Users\Fredi Roldan\.m2\repository\io\cucumber\cucumber-junit-platform-engine\7.14.0\cucumber-junit-platform-engine-7.14.0.jar;C:\Users\Fredi Roldan\.m2\repository\org\junit\platform\junit-platform-engine\1.10.0\junit-platform-engine-1.10.0.jar;C:\Users\Fredi Roldan\.m2\repository\org\opentest4j\opentest4j\1.3.0\opentest4j-1.3.0.jar;C:\Users\Fredi Roldan\.m2\repository\org\junit\platform\junit-platform-commons\1.10.0\junit-platform-commons-1.10.0.jar;C:\Users\Fredi Roldan\.m2\repository\org\junit\platform\junit-platform-suite\1.9.3\junit-platform-suite-1.9.3.jar;C:\Users\Fredi Roldan\.m2\repository\org\junit\platform\junit-platform-suite-api\1.9.3\junit-platform-suite-api-1.9.3.jar;C:\Users\Fredi Roldan\.m2\repository\org\junit\platform\junit-platform-suite-engine\1.9.3\junit-platform-suite-engine-1.9.3.jar;C:\Users\Fredi Roldan\.m2\repository\org\junit\platform\junit-platform-suite-commons\1.9.3\junit-platform-suite-commons-1.9.3.jar;C:\Users\Fredi Roldan\.m2\repository\org\junit\platform\junit-platform-launcher\1.9.3\junit-platform-launcher-1.9.3.jar;C:\Users\Fredi Roldan\.m2\repository\org\apache\logging\log4j\log4j-core\2.20.0\log4j-core-2.20.0.jar;C:\Users\Fredi Roldan\.m2\repository\org\apache\logging\log4j\log4j-api\2.20.0\log4j-api-2.20.0.jar;C:\Users\Fredi Roldan\.m2\repository\org\apache\logging\log4j\log4j-slf4j2-impl\2.20.0\log4j-slf4j2-impl-2.20.0.jar;C:\Users\Fredi Roldan\.m2\repository\org\slf4j\slf4j-api\2.0.6\slf4j-api-2.0.6.jar;"/>
    <property name="sun.cpu.endian" value="little"/>
    <property name="user.home" value="C:\Users\Fredi Roldan"/>
    <property name="user.language" value="pt"/>
    <property name="java.specification.vendor" value="Oracle Corporation"/>
    <property name="java.version.date" value="2025-04-15"/>
    <property name="java.home" value="C:\Users\Fredi Roldan\.jdks\openjdk-24.0.1"/>
    <property name="file.separator" value="\"/>
    <property name="basedir" value="C:\Developer\dog-api-automation"/>
    <property name="java.vm.compressedOopsMode" value="Zero based"/>
    <property name="line.separator" value="&#10;"/>
    <property name="java.vm.specification.vendor" value="Oracle Corporation"/>
    <property name="java.specification.name" value="Java Platform API Specification"/>
    <property name="surefire.real.class.path" value="C:\Users\Fredi Roldan\AppData\Local\Temp\surefire7676038422528061253\surefirebooter-20250518174807897_3.jar"/>
    <property name="user.script" value=""/>
    <property name="sun.management.compiler" value="HotSpot 64-Bit Tiered Compilers"/>
    <property name="java.runtime.version" value="24.0.1+9-30"/>
    <property name="user.name" value="Fredi Roldan"/>
    <property name="stdout.encoding" value="Cp1252"/>
    <property name="path.separator" value=";"/>
    <property name="os.version" value="10.0"/>
    <property name="java.runtime.name" value="OpenJDK Runtime Environment"/>
    <property name="file.encoding" value="UTF-8"/>
    <property name="java.vm.name" value="OpenJDK 64-Bit Server VM"/>
    <property name="localRepository" value="C:\Users\Fredi Roldan\.m2\repository"/>
    <property name="java.vendor.url.bug" value="https://bugreport.java.com/bugreport/"/>
    <property name="java.io.tmpdir" value="C:\Users\FREDIR~1\AppData\Local\Temp\"/>
    <property name="java.version" value="24.0.1"/>
    <property name="cucumber.filter.tags" value="@BreedImages"/>
    <property name="user.dir" value="C:\Developer\dog-api-automation"/>
    <property name="os.arch" value="amd64"/>
    <property name="java.vm.specification.name" value="Java Virtual Machine Specification"/>
    <property name="sun.os.patch.level" value=""/>
    <property name="native.encoding" value="Cp1252"/>
    <property name="java.library.path" value="C:\Users\Fredi Roldan\.jdks\openjdk-24.0.1\bin;C:\Windows\Sun\Java\bin;C:\Windows\system32;C:\Windows;C:\Program Files\Git\mingw64\bin;C:\Program Files\Git\usr\bin;C:\Users\Fredi Roldan\bin;C:\Program Files (x86)\Intel\iCLS Client;C:\Program Files\Intel\iCLS Client;C:\Windows\system32;C:\Windows;C:\Windows\System32\Wbem;C:\Windows\System32\WindowsPowerShell\v1.0;C:\Windows\System32\OpenSSH;C:\Program Files (x86)\ATI Technologies\ATI.ACE\Core-Static;C:\Program Files (x86)\Intel\Intel(R) Management Engine Components\DAL;C:\Program Files\Intel\Intel(R) Management Engine Components\DAL;C:\Program Files (x86)\Intel\Intel(R) Management Engine Components\IPT;C:\Program Files\Intel\Intel(R) Management Engine Components\IPT;C:\Program Files\Intel\WiFi\bin;C:\Program Files\Common Files\Intel\WirelessCommon;C:\Users\Fredi Roldan\.jdks\openjdk-24.0.1\bin;C:\Users\Fredi Roldan\apache-maven-3.9.5\bin;C:\Program Files\k6;C:\Program Files\Git\cmd;C:\Users\Fredi Roldan\AppData\Local\Microsoft\WindowsApps;C:\Program Files\Intel\WiFi\bin;C:\Program Files\Common Files\Intel\WirelessCommon;C:\Program Files\JetBrains\IntelliJ IDEA Community Edition 2023.1.5\bin;C:\Users\Fredi Roldan\AppData\Local\Programs\Microsoft VS Code\bin;."/>
    <property name="java.vm.info" value="mixed mode, sharing"/>
    <property name="stderr.encoding" value="Cp1252"/>
    <property name="java.vendor" value="Oracle Corporation"/>
    <property name="java.vm.version" value="24.0.1+9-30"/>
    <property name="sun.io.unicode.encoding" value="UnicodeLittle"/>
    <property name="java.class.version" value="68.0"/>
  </properties>
  <testcase name="Validar imagens da raca hound-afghan" classname="Validar imagens por raca" time="10.779">
    <system-out><![CDATA[
@BreedImages
Cenario: Validar imagens da raca hound-afghan                          &amp#27;[90m# features/breed_images.feature:9&amp#27;[0m
  &amp#27;[32mQuando &amp#27;[0m&amp#27;[32menvio uma requisicao GET para &amp#27;[0m&amp#27;[32m&amp#27;[1m"/breed/hound/afghan/images"&amp#27;[0m    &amp#27;[90m# steps.DogApiSteps.envioUmaRequisicaoGetPara(java.lang.String)&amp#27;[0m
  &amp#27;[32mE &amp#27;[0m&amp#27;[32mo corpo da resposta deve conter imagens por racas com URLs validas&amp#27;[0m &amp#27;[90m# steps.DogApiSteps.corpoDeveConterUrlsValidas()&amp#27;[0m
17:48:25.653 [main] INFO  steps.DogApiSteps - ✅ Validando status code: esperado = 200, recebido = 200
17:48:25.666 [main] INFO  steps.DogApiSteps - =========================================================
  &amp#27;[32mEntao &amp#27;[0m&amp#27;[32mo status da resposta deve ser &amp#27;[0m&amp#27;[32m&amp#27;[1m200&amp#27;[0m                              &amp#27;[90m# steps.DogApiSteps.statusRespostaDeveSer(int)&amp#27;[0m
]]></system-out>
  </testcase>
  <testcase name="Validar imagens da raca hound-basset" classname="Validar imagens por raca" time="0.591">
    <system-out><![CDATA[
@BreedImages
Cenario: Validar imagens da raca hound-basset                          &amp#27;[90m# features/breed_images.feature:14&amp#27;[0m
  &amp#27;[32mQuando &amp#27;[0m&amp#27;[32menvio uma requisicao GET para &amp#27;[0m&amp#27;[32m&amp#27;[1m"/breed/hound/basset/images"&amp#27;[0m    &amp#27;[90m# steps.DogApiSteps.envioUmaRequisicaoGetPara(java.lang.String)&amp#27;[0m
  &amp#27;[32mE &amp#27;[0m&amp#27;[32mo corpo da resposta deve conter imagens por racas com URLs validas&amp#27;[0m &amp#27;[90m# steps.DogApiSteps.corpoDeveConterUrlsValidas()&amp#27;[0m
17:48:26.269 [main] INFO  steps.DogApiSteps - ✅ Validando status code: esperado = 200, recebido = 200
17:48:26.269 [main] INFO  steps.DogApiSteps - =========================================================
  &amp#27;[32mEntao &amp#27;[0m&amp#27;[32mo status da resposta deve ser &amp#27;[0m&amp#27;[32m&amp#27;[1m200&amp#27;[0m                              &amp#27;[90m# steps.DogApiSteps.statusRespostaDeveSer(int)&amp#27;[0m
]]></system-out>
  </testcase>
  <testcase name="Validar imagens da raca hound-blood" classname="Validar imagens por raca" time="0.54">
    <system-out><![CDATA[
@BreedImages
Cenario: Validar imagens da raca hound-blood                           &amp#27;[90m# features/breed_images.feature:19&amp#27;[0m
  &amp#27;[32mQuando &amp#27;[0m&amp#27;[32menvio uma requisicao GET para &amp#27;[0m&amp#27;[32m&amp#27;[1m"/breed/hound/blood/images"&amp#27;[0m     &amp#27;[90m# steps.DogApiSteps.envioUmaRequisicaoGetPara(java.lang.String)&amp#27;[0m
  &amp#27;[32mE &amp#27;[0m&amp#27;[32mo corpo da resposta deve conter imagens por racas com URLs validas&amp#27;[0m &amp#27;[90m# steps.DogApiSteps.corpoDeveConterUrlsValidas()&amp#27;[0m
17:48:26.809 [main] INFO  steps.DogApiSteps - ✅ Validando status code: esperado = 200, recebido = 200
17:48:26.809 [main] INFO  steps.DogApiSteps - =========================================================
  &amp#27;[32mEntao &amp#27;[0m&amp#27;[32mo status da resposta deve ser &amp#27;[0m&amp#27;[32m&amp#27;[1m200&amp#27;[0m                              &amp#27;[90m# steps.DogApiSteps.statusRespostaDeveSer(int)&amp#27;[0m
]]></system-out>
  </testcase>
  <testcase name="Validar imagens da raca hound-english" classname="Validar imagens por raca" time="0.551">
    <system-out><![CDATA[
@BreedImages
Cenario: Validar imagens da raca hound-english                         &amp#27;[90m# features/breed_images.feature:24&amp#27;[0m
  &amp#27;[32mQuando &amp#27;[0m&amp#27;[32menvio uma requisicao GET para &amp#27;[0m&amp#27;[32m&amp#27;[1m"/breed/hound/english/images"&amp#27;[0m   &amp#27;[90m# steps.DogApiSteps.envioUmaRequisicaoGetPara(java.lang.String)&amp#27;[0m
  &amp#27;[32mE &amp#27;[0m&amp#27;[32mo corpo da resposta deve conter imagens por racas com URLs validas&amp#27;[0m &amp#27;[90m# steps.DogApiSteps.corpoDeveConterUrlsValidas()&amp#27;[0m
17:48:27.365 [main] INFO  steps.DogApiSteps - ✅ Validando status code: esperado = 200, recebido = 200
17:48:27.365 [main] INFO  steps.DogApiSteps - =========================================================
  &amp#27;[32mEntao &amp#27;[0m&amp#27;[32mo status da resposta deve ser &amp#27;[0m&amp#27;[32m&amp#27;[1m200&amp#27;[0m                              &amp#27;[90m# steps.DogApiSteps.statusRespostaDeveSer(int)&amp#27;[0m
]]></system-out>
  </testcase>
  <testcase name="Validar imagens da raca hound-ibizan" classname="Validar imagens por raca" time="0.577">
    <system-out><![CDATA[
@BreedImages
Cenario: Validar imagens da raca hound-ibizan                          &amp#27;[90m# features/breed_images.feature:29&amp#27;[0m
  &amp#27;[32mQuando &amp#27;[0m&amp#27;[32menvio uma requisicao GET para &amp#27;[0m&amp#27;[32m&amp#27;[1m"/breed/hound/ibizan/images"&amp#27;[0m    &amp#27;[90m# steps.DogApiSteps.envioUmaRequisicaoGetPara(java.lang.String)&amp#27;[0m
  &amp#27;[32mE &amp#27;[0m&amp#27;[32mo corpo da resposta deve conter imagens por racas com URLs validas&amp#27;[0m &amp#27;[90m# steps.DogApiSteps.corpoDeveConterUrlsValidas()&amp#27;[0m
17:48:27.943 [main] INFO  steps.DogApiSteps - ✅ Validando status code: esperado = 200, recebido = 200
17:48:27.944 [main] INFO  steps.DogApiSteps - =========================================================
  &amp#27;[32mEntao &amp#27;[0m&amp#27;[32mo status da resposta deve ser &amp#27;[0m&amp#27;[32m&amp#27;[1m200&amp#27;[0m                              &amp#27;[90m# steps.DogApiSteps.statusRespostaDeveSer(int)&amp#27;[0m
]]></system-out>
  </testcase>
  <testcase name="Validar imagens da raca hound-plott" classname="Validar imagens por raca" time="0.579">
    <system-out><![CDATA[
@BreedImages
Cenario: Validar imagens da raca hound-plott                           &amp#27;[90m# features/breed_images.feature:34&amp#27;[0m
  &amp#27;[32mQuando &amp#27;[0m&amp#27;[32menvio uma requisicao GET para &amp#27;[0m&amp#27;[32m&amp#27;[1m"/breed/hound/plott/images"&amp#27;[0m     &amp#27;[90m# steps.DogApiSteps.envioUmaRequisicaoGetPara(java.lang.String)&amp#27;[0m
  &amp#27;[32mE &amp#27;[0m&amp#27;[32mo corpo da resposta deve conter imagens por racas com URLs validas&amp#27;[0m &amp#27;[90m# steps.DogApiSteps.corpoDeveConterUrlsValidas()&amp#27;[0m
17:48:28.526 [main] INFO  steps.DogApiSteps - ✅ Validando status code: esperado = 200, recebido = 200
17:48:28.527 [main] INFO  steps.DogApiSteps - =========================================================
  &amp#27;[32mEntao &amp#27;[0m&amp#27;[32mo status da resposta deve ser &amp#27;[0m&amp#27;[32m&amp#27;[1m200&amp#27;[0m                              &amp#27;[90m# steps.DogApiSteps.statusRespostaDeveSer(int)&amp#27;[0m
]]></system-out>
  </testcase>
  <testcase name="Validar imagens da raca hound-walker" classname="Validar imagens por raca" time="0.53">
    <system-out><![CDATA[
@BreedImages
Cenario: Validar imagens da raca hound-walker                          &amp#27;[90m# features/breed_images.feature:39&amp#27;[0m
  &amp#27;[32mQuando &amp#27;[0m&amp#27;[32menvio uma requisicao GET para &amp#27;[0m&amp#27;[32m&amp#27;[1m"/breed/hound/walker/images"&amp#27;[0m    &amp#27;[90m# steps.DogApiSteps.envioUmaRequisicaoGetPara(java.lang.String)&amp#27;[0m
  &amp#27;[32mE &amp#27;[0m&amp#27;[32mo corpo da resposta deve conter imagens por racas com URLs validas&amp#27;[0m &amp#27;[90m# steps.DogApiSteps.corpoDeveConterUrlsValidas()&amp#27;[0m
17:48:29.057 [main] INFO  steps.DogApiSteps - ✅ Validando status code: esperado = 200, recebido = 200
17:48:29.057 [main] INFO  steps.DogApiSteps - =========================================================
  &amp#27;[32mEntao &amp#27;[0m&amp#27;[32mo status da resposta deve ser &amp#27;[0m&amp#27;[32m&amp#27;[1m200&amp#27;[0m                              &amp#27;[90m# steps.DogApiSteps.statusRespostaDeveSer(int)&amp#27;[0m
]]></system-out>
  </testcase>
  <testcase name="Validar imagens de raca inexistente" classname="Validar imagens por raca" time="0.496">
    <system-out><![CDATA[
@BreedImages
Cenario: Validar imagens de raca inexistente                        &amp#27;[90m# features/breed_images.feature:44&amp#27;[0m
  &amp#27;[32mQuando &amp#27;[0m&amp#27;[32menvio uma requisicao GET para &amp#27;[0m&amp#27;[32m&amp#27;[1m"/breed/hound/banana/images"&amp#27;[0m &amp#27;[90m# steps.DogApiSteps.envioUmaRequisicaoGetPara(java.lang.String)&amp#27;[0m
17:48:29.555 [main] INFO  steps.DogApiSteps - ✅ Validando status code: esperado = 404, recebido = 404
17:48:29.556 [main] INFO  steps.DogApiSteps - =========================================================
  &amp#27;[32mEntao &amp#27;[0m&amp#27;[32mo status da resposta deve ser &amp#27;[0m&amp#27;[32m&amp#27;[1m404&amp#27;[0m                           &amp#27;[90m# steps.DogApiSteps.statusRespostaDeveSer(int)&amp#27;[0m
]]></system-out>
  </testcase>
  <testcase name="Validar imagens com estrutura de URL inválida" classname="Validar imagens por raca" time="0.464">
    <system-out><![CDATA[
@BreedImages
Cenario: Validar imagens com estrutura de URL inválida        &amp#27;[90m# features/breed_images.feature:48&amp#27;[0m
  &amp#27;[32mQuando &amp#27;[0m&amp#27;[32menvio uma requisicao GET para &amp#27;[0m&amp#27;[32m&amp#27;[1m"/breed/hound//images"&amp#27;[0m &amp#27;[90m# steps.DogApiSteps.envioUmaRequisicaoGetPara(java.lang.String)&amp#27;[0m
17:48:30.019 [main] INFO  steps.DogApiSteps - ✅ Validando status code: esperado = 404, recebido = 404
17:48:30.020 [main] INFO  steps.DogApiSteps - =========================================================
  &amp#27;[32mEntao &amp#27;[0m&amp#27;[32mo status da resposta deve ser &amp#27;[0m&amp#27;[32m&amp#27;[1m404&amp#27;[0m                     &amp#27;[90m# steps.DogApiSteps.statusRespostaDeveSer(int)&amp#27;[0m
]]></system-out>
  </testcase>
</testsuite>